0 silly input [ 'publish' ]
1 silly flags { _: [ 'publish' ],
1 silly flags   'reject-cycles': false,
1 silly flags   rejectCycles: false,
1 silly flags   m: 'chore(release): publish %s',
1 silly flags   message: 'chore(release): publish %s' }
2 verbose rootPath /home/bc-045/workspace/dzzzzzy/graphql-fastify-middleware
3 info version 2.11.0
4 silly isInitialized
5 silly isInitialized true
6 silly existsSync /home/bc-045/workspace/dzzzzzy/graphql-fastify-middleware/VERSION
7 silly initialize attempt
8 info current version 1.0.0
9 silly isDetachedHead
10 silly getCurrentBranch
11 error initialize caught error
12 error Error: fatal: ambiguous argument 'HEAD': unknown revision or path not in the working tree.
12 error Use '--' to separate paths from revisions, like this:
12 error 'git <command> [<revision>...] -- [<file>...]'
12 error
12 error     at Function.module.exports.sync (/home/bc-045/workspace/dzzzzzy/graphql-fastify-middleware/node_modules/execa/index.js:303:26)
12 error     at Function.execSync (/home/bc-045/workspace/dzzzzzy/graphql-fastify-middleware/node_modules/lerna/lib/ChildProcessUtilities.js:59:30)
12 error     at Function.getCurrentBranch (/home/bc-045/workspace/dzzzzzy/graphql-fastify-middleware/node_modules/lerna/lib/GitUtilities.js:202:59)
12 error     at Function.isDetachedHead (/home/bc-045/workspace/dzzzzzy/graphql-fastify-middleware/node_modules/lerna/lib/GitUtilities.js:45:37)
12 error     at PublishCommand.initialize (/home/bc-045/workspace/dzzzzzy/graphql-fastify-middleware/node_modules/lerna/lib/commands/PublishCommand.js:260:36)
